<?xml version="1.0" encoding="UTF-8"?>
<testng-results ignored="0" total="1" passed="1" failed="0" skipped="0">
  <reporter-output>
  </reporter-output>
  <suite started-at="2024-08-04T11:12:08 BDT" name="Default Suite" finished-at="2024-08-04T11:15:57 BDT" duration-ms="229615">
    <groups>
    </groups>
    <test started-at="2024-08-04T11:12:08 BDT" name="BaseTest.java" finished-at="2024-08-04T11:15:57 BDT" duration-ms="229615">
      <class name="testcase.Wallet_Single_Ben">
        <test-method is-config="true" signature="setUP()[pri:0, instance:testcase.Wallet_Single_Ben@7393222f]" started-at="2024-08-04T11:12:08 BDT" name="setUP" finished-at="2024-08-04T11:13:35 BDT" duration-ms="86502" status="PASS">
          <reporter-output>
          </reporter-output>
        </test-method> <!-- setUP -->
        <test-method signature="LoginTest(java.lang.String,java.lang.String)[pri:0, instance:testcase.Wallet_Single_Ben@7393222f]" started-at="2024-08-04T11:13:35 BDT" name="LoginTest" data-provider="readexceldata" finished-at="2024-08-04T11:15:57 BDT" duration-ms="142240" status="PASS">
          <params>
            <param index="0">
              <value>
                <![CDATA[maker1]]>
              </value>
            </param>
            <param index="1">
              <value>
                <![CDATA[Cbl#1234]]>
              </value>
            </param>
          </params>
          <reporter-output>
          </reporter-output>
        </test-method> <!-- LoginTest -->
      </class> <!-- testcase.Wallet_Single_Ben -->
    </test> <!-- BaseTest.java -->
  </suite> <!-- Default Suite -->
</testng-results>
